android/app/build/intermediates/manifest_merge_blame_file/release/manifest-merger-blame-release-report.txt
1<?xml version="1.0" encoding="utf-8"?>
2<manifest xmlns:android="http://schemas.android.com/apk/res/android"
3    package="com.demoapp"
4    android:versionCode="1"
5    android:versionName="1.0" >
6
7    <uses-sdk
8        android:minSdkVersion="21"
8-->src\main\AndroidManifest.xml
9        android:targetSdkVersion="31" />
9-->src\main\AndroidManifest.xml
10
11    <uses-permission android:name="android.permission.INTERNET" />
11-->src\main\AndroidManifest.xml:4:5-67
11-->src\main\AndroidManifest.xml:4:22-64
12    <uses-permission android:name="android.permission.ACCESS_NETWORK_STATE" />
12-->[:react-native-community_netinfo] AndroidManifest.xml:9:5-79
12-->[:react-native-community_netinfo] AndroidManifest.xml:9:22-76
13    <uses-permission android:name="android.permission.ACCESS_WIFI_STATE" />
13-->[:react-native-community_netinfo] AndroidManifest.xml:10:5-76
13-->[:react-native-community_netinfo] AndroidManifest.xml:10:22-73
14    <uses-permission android:name="android.permission.WAKE_LOCK" />
14-->[:react-native-firebase_auth] AndroidManifest.xml:10:5-68
14-->[:react-native-firebase_auth] AndroidManifest.xml:10:22-65
15
16    <application
16-->src\main\AndroidManifest.xml:6:5-25:19
17        android:name="com.demoapp.MainApplication"
17-->src\main\AndroidManifest.xml:7:7-38
18        android:allowBackup="false"
18-->src\main\AndroidManifest.xml:11:7-34
19        android:appComponentFactory="androidx.core.app.CoreComponentFactory"
19-->[androidx.core:core:1.2.0] AndroidManifest.xml:24:18-86
20        android:icon="@mipmap/ic_launcher"
20-->src\main\AndroidManifest.xml:9:7-41
21        android:label="@string/app_name"
21-->src\main\AndroidManifest.xml:8:7-39
22        android:roundIcon="@mipmap/ic_launcher_round"
22-->src\main\AndroidManifest.xml:10:7-52
23        android:theme="@style/AppTheme" >
23-->src\main\AndroidManifest.xml:12:7-38
24        <activity
24-->src\main\AndroidManifest.xml:13:7-24:18
25            android:name="com.demoapp.MainActivity"
25-->src\main\AndroidManifest.xml:14:9-37
26            android:configChanges="keyboard|keyboardHidden|orientation|screenLayout|screenSize|smallestScreenSize|uiMode"
26-->src\main\AndroidManifest.xml:16:9-118
27            android:exported="true"
27-->src\main\AndroidManifest.xml:19:9-32
28            android:label="@string/app_name"
28-->src\main\AndroidManifest.xml:15:9-41
29            android:launchMode="singleTask"
29-->src\main\AndroidManifest.xml:17:9-40
30            android:windowSoftInputMode="adjustResize" >
30-->src\main\AndroidManifest.xml:18:9-51
31            <intent-filter>
31-->src\main\AndroidManifest.xml:20:9-23:25
32                <action android:name="android.intent.action.MAIN" />
32-->src\main\AndroidManifest.xml:21:13-65
32-->src\main\AndroidManifest.xml:21:21-62
33
34                <category android:name="android.intent.category.LAUNCHER" />
34-->src\main\AndroidManifest.xml:22:13-73
34-->src\main\AndroidManifest.xml:22:23-70
35            </intent-filter>
36        </activity>
37
38        <meta-data
38-->[:react-native-firebase_app] AndroidManifest.xml:11:9-13:36
39            android:name="app_data_collection_default_enabled"
39-->[:react-native-firebase_app] AndroidManifest.xml:12:13-63
40            android:value="true" />
40-->[:react-native-firebase_app] AndroidManifest.xml:13:13-33
41
42        <service
42-->[:react-native-firebase_app] AndroidManifest.xml:15:9-23:19
43            android:name="com.google.firebase.components.ComponentDiscoveryService"
43-->[:react-native-firebase_app] AndroidManifest.xml:16:13-84
44            android:directBootAware="true"
44-->[:react-native-firebase_app] AndroidManifest.xml:17:13-43
45            android:exported="false" >
45-->[:react-native-firebase_app] AndroidManifest.xml:18:13-37
46            <meta-data
46-->[:react-native-firebase_app] AndroidManifest.xml:20:13-22:85
47                android:name="com.google.firebase.components:io.invertase.firebase.app.ReactNativeFirebaseAppRegistrar"
47-->[:react-native-firebase_app] AndroidManifest.xml:21:17-120
48                android:value="com.google.firebase.components.ComponentRegistrar" />
48-->[:react-native-firebase_app] AndroidManifest.xml:22:17-82
49            <meta-data
49-->[com.google.firebase:firebase-auth:21.0.6] AndroidManifest.xml:67:13-69:85
50                android:name="com.google.firebase.components:com.google.firebase.auth.FirebaseAuthRegistrar"
50-->[com.google.firebase:firebase-auth:21.0.6] AndroidManifest.xml:68:17-109
51                android:value="com.google.firebase.components.ComponentRegistrar" />
51-->[com.google.firebase:firebase-auth:21.0.6] AndroidManifest.xml:69:17-82
52        </service>
53
54        <provider
54-->[:react-native-firebase_app] AndroidManifest.xml:25:9-29:38
55            android:name="io.invertase.firebase.app.ReactNativeFirebaseAppInitProvider"
55-->[:react-native-firebase_app] AndroidManifest.xml:26:13-88
56            android:authorities="com.demoapp.reactnativefirebaseappinitprovider"
56-->[:react-native-firebase_app] AndroidManifest.xml:27:13-86
57            android:exported="false"
57-->[:react-native-firebase_app] AndroidManifest.xml:28:13-37
58            android:initOrder="99" />
58-->[:react-native-firebase_app] AndroidManifest.xml:29:13-35
59
60        <activity
60-->[com.google.firebase:firebase-auth:21.0.6] AndroidManifest.xml:27:9-44:20
61            android:name="com.google.firebase.auth.internal.GenericIdpActivity"
61-->[com.google.firebase:firebase-auth:21.0.6] AndroidManifest.xml:28:13-80
62            android:excludeFromRecents="true"
62-->[com.google.firebase:firebase-auth:21.0.6] AndroidManifest.xml:29:13-46
63            android:exported="true"
63-->[com.google.firebase:firebase-auth:21.0.6] AndroidManifest.xml:30:13-36
64            android:launchMode="singleTask"
64-->[com.google.firebase:firebase-auth:21.0.6] AndroidManifest.xml:31:13-44
65            android:theme="@android:style/Theme.Translucent.NoTitleBar" >
65-->[com.google.firebase:firebase-auth:21.0.6] AndroidManifest.xml:32:13-72
66            <intent-filter>
66-->[com.google.firebase:firebase-auth:21.0.6] AndroidManifest.xml:33:13-43:29
67                <action android:name="android.intent.action.VIEW" />
67-->[com.google.firebase:firebase-auth:21.0.6] AndroidManifest.xml:34:17-69
67-->[com.google.firebase:firebase-auth:21.0.6] AndroidManifest.xml:34:25-66
68
69                <category android:name="android.intent.category.DEFAULT" />
69-->[com.google.firebase:firebase-auth:21.0.6] AndroidManifest.xml:36:17-76
69-->[com.google.firebase:firebase-auth:21.0.6] AndroidManifest.xml:36:27-73
70                <category android:name="android.intent.category.BROWSABLE" />
70-->[com.google.firebase:firebase-auth:21.0.6] AndroidManifest.xml:37:17-78
70-->[com.google.firebase:firebase-auth:21.0.6] AndroidManifest.xml:37:27-75
71
72                <data
72-->[com.google.firebase:firebase-auth:21.0.6] AndroidManifest.xml:39:17-42:51
73                    android:host="firebase.auth"
73-->[com.google.firebase:firebase-auth:21.0.6] AndroidManifest.xml:40:21-49
74                    android:path="/"
74-->[com.google.firebase:firebase-auth:21.0.6] AndroidManifest.xml:41:21-37
75                    android:scheme="genericidp" />
75-->[com.google.firebase:firebase-auth:21.0.6] AndroidManifest.xml:42:21-48
76            </intent-filter>
77        </activity>
78        <activity
78-->[com.google.firebase:firebase-auth:21.0.6] AndroidManifest.xml:45:9-62:20
79            android:name="com.google.firebase.auth.internal.RecaptchaActivity"
79-->[com.google.firebase:firebase-auth:21.0.6] AndroidManifest.xml:46:13-79
80            android:excludeFromRecents="true"
80-->[com.google.firebase:firebase-auth:21.0.6] AndroidManifest.xml:47:13-46
81            android:exported="true"
81-->[com.google.firebase:firebase-auth:21.0.6] AndroidManifest.xml:48:13-36
82            android:launchMode="singleTask"
82-->[com.google.firebase:firebase-auth:21.0.6] AndroidManifest.xml:49:13-44
83            android:theme="@android:style/Theme.Translucent.NoTitleBar" >
83-->[com.google.firebase:firebase-auth:21.0.6] AndroidManifest.xml:50:13-72
84            <intent-filter>
84-->[com.google.firebase:firebase-auth:21.0.6] AndroidManifest.xml:51:13-61:29
85                <action android:name="android.intent.action.VIEW" />
85-->[com.google.firebase:firebase-auth:21.0.6] AndroidManifest.xml:34:17-69
85-->[com.google.firebase:firebase-auth:21.0.6] AndroidManifest.xml:34:25-66
86
87                <category android:name="android.intent.category.DEFAULT" />
87-->[com.google.firebase:firebase-auth:21.0.6] AndroidManifest.xml:36:17-76
87-->[com.google.firebase:firebase-auth:21.0.6] AndroidManifest.xml:36:27-73
88                <category android:name="android.intent.category.BROWSABLE" />
88-->[com.google.firebase:firebase-auth:21.0.6] AndroidManifest.xml:37:17-78
88-->[com.google.firebase:firebase-auth:21.0.6] AndroidManifest.xml:37:27-75
89
90                <data
90-->[com.google.firebase:firebase-auth:21.0.6] AndroidManifest.xml:39:17-42:51
91                    android:host="firebase.auth"
91-->[com.google.firebase:firebase-auth:21.0.6] AndroidManifest.xml:40:21-49
92                    android:path="/"
92-->[com.google.firebase:firebase-auth:21.0.6] AndroidManifest.xml:41:21-37
93                    android:scheme="recaptcha" />
93-->[com.google.firebase:firebase-auth:21.0.6] AndroidManifest.xml:42:21-48
94            </intent-filter>
95        </activity>
96        <activity
96-->[com.google.android.gms:play-services-auth:20.2.0] AndroidManifest.xml:23:9-27:75
97            android:name="com.google.android.gms.auth.api.signin.internal.SignInHubActivity"
97-->[com.google.android.gms:play-services-auth:20.2.0] AndroidManifest.xml:24:13-93
98            android:excludeFromRecents="true"
98-->[com.google.android.gms:play-services-auth:20.2.0] AndroidManifest.xml:25:13-46
99            android:exported="false"
99-->[com.google.android.gms:play-services-auth:20.2.0] AndroidManifest.xml:26:13-37
100            android:theme="@android:style/Theme.Translucent.NoTitleBar" />
100-->[com.google.android.gms:play-services-auth:20.2.0] AndroidManifest.xml:27:13-72
101        <!--
102            Service handling Google Sign-In user revocation. For apps that do not integrate with
103            Google Sign-In, this service will never be started.
104        -->
105        <service
105-->[com.google.android.gms:play-services-auth:20.2.0] AndroidManifest.xml:33:9-37:51
106            android:name="com.google.android.gms.auth.api.signin.RevocationBoundService"
106-->[com.google.android.gms:play-services-auth:20.2.0] AndroidManifest.xml:34:13-89
107            android:exported="true"
107-->[com.google.android.gms:play-services-auth:20.2.0] AndroidManifest.xml:35:13-36
108            android:permission="com.google.android.gms.auth.api.signin.permission.REVOCATION_NOTIFICATION"
108-->[com.google.android.gms:play-services-auth:20.2.0] AndroidManifest.xml:36:13-107
109            android:visibleToInstantApps="true" />
109-->[com.google.android.gms:play-services-auth:20.2.0] AndroidManifest.xml:37:13-48
110
111        <activity
111-->[com.google.android.gms:play-services-base:18.0.1] AndroidManifest.xml:20:9-22:45
112            android:name="com.google.android.gms.common.api.GoogleApiActivity"
112-->[com.google.android.gms:play-services-base:18.0.1] AndroidManifest.xml:20:19-85
113            android:exported="false"
113-->[com.google.android.gms:play-services-base:18.0.1] AndroidManifest.xml:22:19-43
114            android:theme="@android:style/Theme.Translucent.NoTitleBar" />
114-->[com.google.android.gms:play-services-base:18.0.1] AndroidManifest.xml:21:19-78
115
116        <provider
116-->[com.google.firebase:firebase-common:20.1.1] AndroidManifest.xml:26:9-31:39
117            android:name="com.google.firebase.provider.FirebaseInitProvider"
117-->[com.google.firebase:firebase-common:20.1.1] AndroidManifest.xml:27:13-77
118            android:authorities="com.demoapp.firebaseinitprovider"
118-->[com.google.firebase:firebase-common:20.1.1] AndroidManifest.xml:28:13-72
119            android:directBootAware="true"
119-->[com.google.firebase:firebase-common:20.1.1] AndroidManifest.xml:29:13-43
120            android:exported="false"
120-->[com.google.firebase:firebase-common:20.1.1] AndroidManifest.xml:30:13-37
121            android:initOrder="100" />
121-->[com.google.firebase:firebase-common:20.1.1] AndroidManifest.xml:31:13-36
122
123        <meta-data
123-->[com.google.android.gms:play-services-basement:18.0.0] AndroidManifest.xml:21:9-23:69
124            android:name="com.google.android.gms.version"
124-->[com.google.android.gms:play-services-basement:18.0.0] AndroidManifest.xml:22:13-58
125            android:value="@integer/google_play_services_version" />
125-->[com.google.android.gms:play-services-basement:18.0.0] AndroidManifest.xml:23:13-66
126    </application>
127
128</manifest>